<?xml version="1.0" encoding="UTF-8"?><testsuite errors="1" failures="1" name="Lightning" tests="3" time="0">
    <testcase name="CPU utilisation" time="0">
        <failure message="Average value = 10000" type="serverSideTest">Test name:            CPU utilisation
Test type:            serverSideTest
Host and metric:      192.168.0.12 CPU
Expected result:      Average value &lt; 10000
Actual result:        Average value = 10000
Entries count:        2
Test result:          FAIL
</failure>
    </testcase>
    <testcase name="No failed transactions" time="0"/>
    <testcase name="Average response time" time="0">
        <error message="No transactions with label equal to 'Sear' found in CSV file" type="avgRespTimeTest">Test name:            Average response time
Test type:            avgRespTimeTest
Transaction name:     Sear
Expected result:      Average response time &lt;= 1000
Actual result:        No transactions with label equal to 'Sear' found in CSV file
Transaction count:    0
Longest transactions: null
Test result:          ERROR
</error>
    </testcase>
</testsuite>
